[2025-04-30 09:15:36Z INFO HostContext] No proxy settings were found based on environmental variables (http_proxy/https_proxy/HTTP_PROXY/HTTPS_PROXY)
[2025-04-30 09:15:36Z INFO HostContext] Well known directory 'Bin': '/Users/nigar/Desktop/my-portfolio/actions-runner/bin'
[2025-04-30 09:15:36Z INFO HostContext] Well known directory 'Root': '/Users/nigar/Desktop/my-portfolio/actions-runner'
[2025-04-30 09:15:36Z INFO HostContext] Well known config file 'Credentials': '/Users/nigar/Desktop/my-portfolio/actions-runner/.credentials'
[2025-04-30 09:15:36Z INFO HostContext] Well known directory 'Bin': '/Users/nigar/Desktop/my-portfolio/actions-runner/bin'
[2025-04-30 09:15:36Z INFO HostContext] Well known directory 'Root': '/Users/nigar/Desktop/my-portfolio/actions-runner'
[2025-04-30 09:15:36Z INFO HostContext] Well known config file 'Runner': '/Users/nigar/Desktop/my-portfolio/actions-runner/.runner'
[2025-04-30 09:15:36Z INFO Listener] Runner is built for OSX (X64) - osx-x64.
[2025-04-30 09:15:36Z INFO Listener] RuntimeInformation: Darwin 21.6.0 Darwin Kernel Version 21.6.0: Wed Apr 24 06:02:02 PDT 2024; root:xnu-8020.240.18.708.4~1/RELEASE_X86_64.
[2025-04-30 09:15:37Z INFO Listener] Version: 2.323.0
[2025-04-30 09:15:37Z INFO Listener] Commit: d8b82f44a9ec0258904d5869ae683c31d5aac299
[2025-04-30 09:15:37Z INFO Listener] Culture: en-US
[2025-04-30 09:15:37Z INFO Listener] UI Culture: en-US
[2025-04-30 09:15:37Z INFO HostContext] Well known directory 'Bin': '/Users/nigar/Desktop/my-portfolio/actions-runner/bin'
[2025-04-30 09:15:37Z INFO HostContext] Well known directory 'Root': '/Users/nigar/Desktop/my-portfolio/actions-runner'
[2025-04-30 09:15:37Z INFO Listener] Validating directory permissions for: '/Users/nigar/Desktop/my-portfolio/actions-runner'
[2025-04-30 09:15:37Z INFO CommandLineParser] Parse
[2025-04-30 09:15:37Z INFO CommandLineParser] Parsing 5 args
[2025-04-30 09:15:37Z INFO CommandLineParser] parsing argument
[2025-04-30 09:15:37Z INFO CommandLineParser] HasArgs: False
[2025-04-30 09:15:37Z INFO CommandLineParser] Adding Command: configure
[2025-04-30 09:15:37Z INFO CommandLineParser] parsing argument
[2025-04-30 09:15:37Z INFO CommandLineParser] HasArgs: True
[2025-04-30 09:15:37Z INFO CommandLineParser] arg: url
[2025-04-30 09:15:37Z INFO CommandLineParser] parsing argument
[2025-04-30 09:15:37Z INFO CommandLineParser] HasArgs: True
[2025-04-30 09:15:37Z INFO CommandLineParser] Adding option 'url': 'https://github.com/nsafarova/my-portfolio'
[2025-04-30 09:15:37Z INFO CommandLineParser] parsing argument
[2025-04-30 09:15:37Z INFO CommandLineParser] HasArgs: True
[2025-04-30 09:15:37Z INFO CommandLineParser] arg: token
[2025-04-30 09:15:37Z INFO CommandLineParser] parsing argument
[2025-04-30 09:15:37Z INFO CommandLineParser] HasArgs: True
[2025-04-30 09:15:37Z INFO CommandLineParser] Adding option 'token': '***'
[2025-04-30 09:15:37Z INFO Listener] Arguments parsed
[2025-04-30 09:15:37Z INFO Runner] ExecuteCommand
[2025-04-30 09:15:37Z INFO ConfigurationStore] currentAssemblyLocation: /Users/nigar/Desktop/my-portfolio/actions-runner/bin/Runner.Listener.dll
[2025-04-30 09:15:37Z INFO HostContext] Well known directory 'Bin': '/Users/nigar/Desktop/my-portfolio/actions-runner/bin'
[2025-04-30 09:15:37Z INFO ConfigurationStore] binPath: /Users/nigar/Desktop/my-portfolio/actions-runner/bin
[2025-04-30 09:15:37Z INFO HostContext] Well known directory 'Bin': '/Users/nigar/Desktop/my-portfolio/actions-runner/bin'
[2025-04-30 09:15:37Z INFO HostContext] Well known directory 'Root': '/Users/nigar/Desktop/my-portfolio/actions-runner'
[2025-04-30 09:15:37Z INFO ConfigurationStore] RootFolder: /Users/nigar/Desktop/my-portfolio/actions-runner
[2025-04-30 09:15:37Z INFO HostContext] Well known directory 'Bin': '/Users/nigar/Desktop/my-portfolio/actions-runner/bin'
[2025-04-30 09:15:37Z INFO HostContext] Well known directory 'Root': '/Users/nigar/Desktop/my-portfolio/actions-runner'
[2025-04-30 09:15:37Z INFO HostContext] Well known config file 'Runner': '/Users/nigar/Desktop/my-portfolio/actions-runner/.runner'
[2025-04-30 09:15:37Z INFO ConfigurationStore] ConfigFilePath: /Users/nigar/Desktop/my-portfolio/actions-runner/.runner
[2025-04-30 09:15:37Z INFO HostContext] Well known directory 'Bin': '/Users/nigar/Desktop/my-portfolio/actions-runner/bin'
[2025-04-30 09:15:37Z INFO HostContext] Well known directory 'Root': '/Users/nigar/Desktop/my-portfolio/actions-runner'
[2025-04-30 09:15:37Z INFO HostContext] Well known config file 'MigratedRunner': '/Users/nigar/Desktop/my-portfolio/actions-runner/.runner_migrated'
[2025-04-30 09:15:37Z INFO ConfigurationStore] MigratedConfigFilePath: /Users/nigar/Desktop/my-portfolio/actions-runner/.runner_migrated
[2025-04-30 09:15:37Z INFO HostContext] Well known directory 'Bin': '/Users/nigar/Desktop/my-portfolio/actions-runner/bin'
[2025-04-30 09:15:37Z INFO HostContext] Well known directory 'Root': '/Users/nigar/Desktop/my-portfolio/actions-runner'
[2025-04-30 09:15:37Z INFO HostContext] Well known config file 'Credentials': '/Users/nigar/Desktop/my-portfolio/actions-runner/.credentials'
[2025-04-30 09:15:37Z INFO ConfigurationStore] CredFilePath: /Users/nigar/Desktop/my-portfolio/actions-runner/.credentials
[2025-04-30 09:15:37Z INFO HostContext] Well known directory 'Bin': '/Users/nigar/Desktop/my-portfolio/actions-runner/bin'
[2025-04-30 09:15:37Z INFO HostContext] Well known directory 'Root': '/Users/nigar/Desktop/my-portfolio/actions-runner'
[2025-04-30 09:15:37Z INFO HostContext] Well known config file 'MigratedCredentials': '/Users/nigar/Desktop/my-portfolio/actions-runner/.credentials_migrated'
[2025-04-30 09:15:37Z INFO ConfigurationStore] MigratedCredFilePath: /Users/nigar/Desktop/my-portfolio/actions-runner/.credentials_migrated
[2025-04-30 09:15:37Z INFO HostContext] Well known directory 'Bin': '/Users/nigar/Desktop/my-portfolio/actions-runner/bin'
[2025-04-30 09:15:37Z INFO HostContext] Well known directory 'Root': '/Users/nigar/Desktop/my-portfolio/actions-runner'
[2025-04-30 09:15:37Z INFO HostContext] Well known config file 'Service': '/Users/nigar/Desktop/my-portfolio/actions-runner/.service'
[2025-04-30 09:15:37Z INFO ConfigurationStore] ServiceConfigFilePath: /Users/nigar/Desktop/my-portfolio/actions-runner/.service
[2025-04-30 09:15:37Z INFO CommandSettings] Flag 'help': 'False'
[2025-04-30 09:15:37Z INFO CommandSettings] Flag 'version': 'False'
[2025-04-30 09:15:37Z INFO CommandSettings] Flag 'commit': 'False'
[2025-04-30 09:15:37Z INFO CommandSettings] Flag 'check': 'False'
[2025-04-30 09:15:37Z INFO CommandSettings] Command 'configure': 'True'
[2025-04-30 09:15:37Z INFO Terminal] WRITE LINE: 
[2025-04-30 09:15:37Z INFO Terminal] WRITE LINE: --------------------------------------------------------------------------------
[2025-04-30 09:15:37Z INFO Terminal] WRITE LINE: |        ____ _ _   _   _       _          _        _   _                      |
[2025-04-30 09:15:37Z INFO Terminal] WRITE LINE: |       / ___(_) |_| | | |_   _| |__      / \   ___| |_(_) ___  _ __  ___      |
[2025-04-30 09:15:37Z INFO Terminal] WRITE LINE: |      | |  _| | __| |_| | | | | '_ \    / _ \ / __| __| |/ _ \| '_ \/ __|     |
[2025-04-30 09:15:37Z INFO Terminal] WRITE LINE: |      | |_| | | |_|  _  | |_| | |_) |  / ___ \ (__| |_| | (_) | | | \__ \     |
[2025-04-30 09:15:37Z INFO Terminal] WRITE LINE: |       \____|_|\__|_| |_|\__,_|_.__/  /_/   \_\___|\__|_|\___/|_| |_|___/     |
[2025-04-30 09:15:37Z INFO Terminal] WRITE LINE: |                                                                              |
[2025-04-30 09:15:37Z INFO Terminal] WRITE: |                       
[2025-04-30 09:15:37Z INFO Terminal] WRITE: Self-hosted runner registration
[2025-04-30 09:15:37Z INFO Terminal] WRITE LINE:                         |
[2025-04-30 09:15:37Z INFO Terminal] WRITE LINE: |                                                                              |
[2025-04-30 09:15:37Z INFO Terminal] WRITE LINE: --------------------------------------------------------------------------------
[2025-04-30 09:15:37Z INFO ConfigurationManager] ConfigureAsync
[2025-04-30 09:15:37Z INFO CommandSettings] Flag 'generateServiceConfig': 'False'
[2025-04-30 09:15:37Z INFO ConfigurationStore] IsConfigured()
[2025-04-30 09:15:37Z INFO ConfigurationStore] IsConfigured: False
[2025-04-30 09:15:37Z INFO ConfigurationManager] Is configured: False
[2025-04-30 09:15:37Z INFO CommandSettings] Arg 'url': 'https://github.com/nsafarova/my-portfolio'
[2025-04-30 09:15:37Z INFO CommandSettings] Remove url from Arg dictionary.
[2025-04-30 09:15:37Z INFO CommandSettings] Arg 'token': '***'
[2025-04-30 09:15:37Z INFO CommandSettings] Remove token from Arg dictionary.
[2025-04-30 09:15:42Z INFO ConfigurationManager] Http response code: OK from 'POST https://api.github.com/actions/runner-registration' (3964:C1F7C:E8765:ECFF8:6811EA3E)
[2025-04-30 09:15:43Z INFO ConfigurationManager] Using V2 flow: False
[2025-04-30 09:15:43Z INFO ConfigurationManager] cred retrieved via GitHub auth
[2025-04-30 09:15:43Z INFO RunnerServer] EstablishVssConnection
[2025-04-30 09:15:43Z INFO RunnerServer] Establish connection with 100 seconds timeout.
[2025-04-30 09:15:43Z INFO GitHubActionsService] Starting operation Location.GetConnectionData
[2025-04-30 09:15:43Z INFO RunnerServer] EstablishVssConnection
[2025-04-30 09:15:43Z INFO RunnerServer] Establish connection with 60 seconds timeout.
[2025-04-30 09:15:43Z INFO GitHubActionsService] Starting operation Location.GetConnectionData
[2025-04-30 09:15:43Z INFO RunnerServer] EstablishVssConnection
[2025-04-30 09:15:43Z INFO RunnerServer] Establish connection with 60 seconds timeout.
[2025-04-30 09:15:43Z INFO GitHubActionsService] Starting operation Location.GetConnectionData
[2025-04-30 09:15:45Z INFO GitHubActionsService] Finished operation Location.GetConnectionData
[2025-04-30 09:15:45Z INFO GitHubActionsService] Finished operation Location.GetConnectionData
[2025-04-30 09:15:45Z INFO GitHubActionsService] Finished operation Location.GetConnectionData
[2025-04-30 09:15:46Z INFO Terminal] WRITE LINE: 
[2025-04-30 09:15:46Z INFO ConfigurationManager] Test Connection complete.
[2025-04-30 09:15:46Z INFO HostContext] Well known directory 'Bin': '/Users/nigar/Desktop/my-portfolio/actions-runner/bin'
[2025-04-30 09:15:46Z INFO HostContext] Well known directory 'Root': '/Users/nigar/Desktop/my-portfolio/actions-runner'
[2025-04-30 09:15:46Z INFO HostContext] Well known config file 'RSACredentials': '/Users/nigar/Desktop/my-portfolio/actions-runner/.credentials_rsaparams'
[2025-04-30 09:15:46Z INFO RSAFileKeyManager] Creating new RSA key using 2048-bit key length
[2025-04-30 09:15:46Z INFO RSAFileKeyManager] Successfully saved RSA key parameters to file /Users/nigar/Desktop/my-portfolio/actions-runner/.credentials_rsaparams
[2025-04-30 09:15:46Z INFO RSAFileKeyManager] Which2: 'chmod'
[2025-04-30 09:15:46Z INFO RSAFileKeyManager] Location: '/bin/chmod'
[2025-04-30 09:15:46Z INFO HostContext] Well known directory 'Bin': '/Users/nigar/Desktop/my-portfolio/actions-runner/bin'
[2025-04-30 09:15:46Z INFO HostContext] Well known directory 'Root': '/Users/nigar/Desktop/my-portfolio/actions-runner'
[2025-04-30 09:15:46Z INFO ProcessInvokerWrapper] Starting process:
[2025-04-30 09:15:46Z INFO ProcessInvokerWrapper]   File name: '/bin/chmod'
[2025-04-30 09:15:46Z INFO ProcessInvokerWrapper]   Arguments: '600 /Users/nigar/Desktop/my-portfolio/actions-runner/.credentials_rsaparams'
[2025-04-30 09:15:46Z INFO ProcessInvokerWrapper]   Working directory: '/Users/nigar/Desktop/my-portfolio/actions-runner'
[2025-04-30 09:15:46Z INFO ProcessInvokerWrapper]   Require exit code zero: 'False'
[2025-04-30 09:15:46Z INFO ProcessInvokerWrapper]   Encoding web name:  ; code page: ''
[2025-04-30 09:15:46Z INFO ProcessInvokerWrapper]   Force kill process on cancellation: 'False'
[2025-04-30 09:15:46Z INFO ProcessInvokerWrapper]   Redirected STDIN: 'False'
[2025-04-30 09:15:46Z INFO ProcessInvokerWrapper]   Persist current code page: 'False'
[2025-04-30 09:15:46Z INFO ProcessInvokerWrapper]   Keep redirected STDIN open: 'False'
[2025-04-30 09:15:46Z INFO ProcessInvokerWrapper]   High priority process: 'False'
[2025-04-30 09:15:46Z INFO ProcessInvokerWrapper] Process started with process id 7884, waiting for process exit.
[2025-04-30 09:15:46Z INFO ProcessInvokerWrapper] STDOUT/STDERR stream read finished.
[2025-04-30 09:15:46Z INFO ProcessInvokerWrapper] STDOUT/STDERR stream read finished.
[2025-04-30 09:15:46Z INFO ProcessInvokerWrapper] Finished process 7884 with exit code 0, and elapsed time 00:00:00.2861791.
[2025-04-30 09:15:46Z INFO RSAFileKeyManager] Successfully set permissions for RSA key parameters file /Users/nigar/Desktop/my-portfolio/actions-runner/.credentials_rsaparams
[2025-04-30 09:15:47Z INFO CommandSettings] Arg 'runnergroup': ''
[2025-04-30 09:15:47Z INFO CommandSettings] Flag 'unattended': 'False'
[2025-04-30 09:15:47Z INFO PromptManager] ReadValue
[2025-04-30 09:15:47Z INFO Terminal] WRITE: Enter the name of the runner group to add this runner to: 
[2025-04-30 09:15:47Z INFO Terminal] WRITE: [press Enter for Default] 
[2025-04-30 09:15:47Z INFO Terminal] READ LINE
[2025-04-30 09:15:47Z INFO Terminal] Read value: ''
[2025-04-30 09:15:47Z INFO PromptManager] Falling back to the default: 'Default'
[2025-04-30 09:15:47Z INFO Terminal] WRITE LINE: 
[2025-04-30 09:15:47Z INFO ConfigurationManager] Found a self-hosted runner group with id 1 and name Default
[2025-04-30 09:15:47Z INFO CommandSettings] Flag 'disableupdate': 'False'
[2025-04-30 09:15:47Z INFO CommandSettings] Flag 'ephemeral': 'False'
[2025-04-30 09:15:47Z INFO CommandSettings] Arg 'name': ''
[2025-04-30 09:15:47Z INFO CommandSettings] Flag 'unattended': 'False'
[2025-04-30 09:15:47Z INFO PromptManager] ReadValue
[2025-04-30 09:15:47Z INFO Terminal] WRITE: Enter the name of runner: 
[2025-04-30 09:15:47Z INFO Terminal] WRITE: [press Enter for Nigar] 
[2025-04-30 09:15:47Z INFO Terminal] READ LINE
[2025-04-30 09:15:52Z INFO Terminal] Read value: ''
[2025-04-30 09:15:52Z INFO PromptManager] Falling back to the default: 'Nigar'
[2025-04-30 09:15:52Z INFO Terminal] WRITE LINE: 
[2025-04-30 09:15:52Z INFO CommandSettings] Arg 'labels': ''
[2025-04-30 09:15:52Z INFO CommandSettings] Flag 'unattended': 'False'
[2025-04-30 09:15:52Z INFO PromptManager] ReadValue
[2025-04-30 09:15:52Z INFO Terminal] WRITE: This runner will have the following labels: 'self-hosted', 'macOS', 'X64' 
Enter any additional labels (ex. label-1,label-2): 
[2025-04-30 09:15:52Z INFO Terminal] WRITE: [press Enter to skip] 
[2025-04-30 09:15:52Z INFO Terminal] READ LINE
[2025-04-30 09:15:56Z INFO Terminal] Read value: ''
[2025-04-30 09:15:56Z INFO Terminal] WRITE LINE: 
[2025-04-30 09:15:56Z INFO CommandSettings] Flag 'disableupdate': 'False'
[2025-04-30 09:15:56Z INFO CommandSettings] Flag 'no-default-labels': 'False'
[2025-04-30 09:15:56Z INFO CommandSettings] Flag 'disableupdate': 'False'
[2025-04-30 09:15:56Z INFO CommandSettings] Flag 'ephemeral': 'False'
[2025-04-30 09:15:56Z INFO ConfigurationStore] Saving OAuth credential @ /Users/nigar/Desktop/my-portfolio/actions-runner/.credentials
[2025-04-30 09:15:56Z INFO ConfigurationStore] Credentials Saved.
[2025-04-30 09:15:56Z INFO ConfigurationStore] HasCredentials()
[2025-04-30 09:15:56Z INFO ConfigurationStore] stored True
[2025-04-30 09:15:56Z INFO CredentialManager] GetCredentialProvider
[2025-04-30 09:15:56Z INFO CredentialManager] Creating type OAuth
[2025-04-30 09:15:56Z INFO CredentialManager] Creating credential type: OAuth
[2025-04-30 09:15:56Z INFO RSAFileKeyManager] Loading RSA key parameters from file /Users/nigar/Desktop/my-portfolio/actions-runner/.credentials_rsaparams
[2025-04-30 09:15:57Z INFO RunnerServer] EstablishVssConnection
[2025-04-30 09:15:57Z INFO RunnerServer] Establish connection with 100 seconds timeout.
[2025-04-30 09:15:57Z INFO GitHubActionsService] Starting operation Location.GetConnectionData
[2025-04-30 09:15:57Z INFO RunnerServer] EstablishVssConnection
[2025-04-30 09:15:57Z INFO RunnerServer] Establish connection with 60 seconds timeout.
[2025-04-30 09:15:57Z INFO GitHubActionsService] Starting operation Location.GetConnectionData
[2025-04-30 09:15:57Z INFO RunnerServer] EstablishVssConnection
[2025-04-30 09:15:57Z INFO RunnerServer] Establish connection with 60 seconds timeout.
[2025-04-30 09:15:57Z INFO GitHubActionsService] Starting operation Location.GetConnectionData
[2025-04-30 09:15:58Z INFO GitHubActionsService] Finished operation Location.GetConnectionData
[2025-04-30 09:15:58Z INFO GitHubActionsService] Finished operation Location.GetConnectionData
[2025-04-30 09:15:58Z INFO GitHubActionsService] Finished operation Location.GetConnectionData
[2025-04-30 09:15:58Z INFO RSAFileKeyManager] Loading RSA key parameters from file /Users/nigar/Desktop/my-portfolio/actions-runner/.credentials_rsaparams
[2025-04-30 09:15:58Z INFO RSAFileKeyManager] Loading RSA key parameters from file /Users/nigar/Desktop/my-portfolio/actions-runner/.credentials_rsaparams
[2025-04-30 09:15:59Z INFO GitHubActionsService] AAD Correlation ID for this token request: Unknown
[2025-04-30 09:15:59Z INFO CommandSettings] Arg 'work': ''
[2025-04-30 09:15:59Z INFO CommandSettings] Flag 'unattended': 'False'
[2025-04-30 09:15:59Z INFO PromptManager] ReadValue
[2025-04-30 09:15:59Z INFO Terminal] WRITE: Enter name of work folder: 
[2025-04-30 09:15:59Z INFO Terminal] WRITE: [press Enter for _work] 
[2025-04-30 09:15:59Z INFO Terminal] READ LINE
[2025-04-30 09:16:02Z INFO Terminal] Read value: ''
[2025-04-30 09:16:02Z INFO PromptManager] Falling back to the default: '_work'
[2025-04-30 09:16:02Z INFO ConfigurationStore] Saving runner settings.
[2025-04-30 09:16:02Z INFO ConfigurationStore] Settings Saved.
[2025-04-30 09:16:02Z INFO Terminal] WRITE LINE: 
[2025-04-30 09:16:02Z INFO Terminal] WRITE LINE: 
[2025-04-30 09:16:02Z INFO OsxServiceControlManager] Service name 'actions.runner.nsafarova-my-portfolio.Nigar' display name 'GitHub Actions Runner (nsafarova-my-portfolio.Nigar)' will be used for service configuration.
[2025-04-30 09:16:02Z INFO HostContext] Well known directory 'Bin': '/Users/nigar/Desktop/my-portfolio/actions-runner/bin'
[2025-04-30 09:16:02Z INFO HostContext] Well known directory 'Root': '/Users/nigar/Desktop/my-portfolio/actions-runner'
[2025-04-30 09:16:02Z INFO HostContext] Well known directory 'Bin': '/Users/nigar/Desktop/my-portfolio/actions-runner/bin'
[2025-04-30 09:16:02Z INFO HostContext] Well known directory 'Bin': '/Users/nigar/Desktop/my-portfolio/actions-runner/bin'
[2025-04-30 09:16:02Z INFO HostContext] Well known directory 'Root': '/Users/nigar/Desktop/my-portfolio/actions-runner'
[2025-04-30 09:16:02Z INFO UnixUtil] Which2: 'chmod'
[2025-04-30 09:16:02Z INFO UnixUtil] Location: '/bin/chmod'
[2025-04-30 09:16:02Z INFO UnixUtil] Running /bin/chmod 755 "/Users/nigar/Desktop/my-portfolio/actions-runner/svc.sh"
[2025-04-30 09:16:02Z INFO ProcessInvokerWrapper] Starting process:
[2025-04-30 09:16:02Z INFO ProcessInvokerWrapper]   File name: '/bin/chmod'
[2025-04-30 09:16:02Z INFO ProcessInvokerWrapper]   Arguments: '755 "/Users/nigar/Desktop/my-portfolio/actions-runner/svc.sh"'
[2025-04-30 09:16:02Z INFO ProcessInvokerWrapper]   Working directory: '/Users/nigar/Desktop/my-portfolio/actions-runner'
[2025-04-30 09:16:02Z INFO ProcessInvokerWrapper]   Require exit code zero: 'True'
[2025-04-30 09:16:02Z INFO ProcessInvokerWrapper]   Encoding web name:  ; code page: ''
[2025-04-30 09:16:02Z INFO ProcessInvokerWrapper]   Force kill process on cancellation: 'False'
[2025-04-30 09:16:02Z INFO ProcessInvokerWrapper]   Redirected STDIN: 'False'
[2025-04-30 09:16:02Z INFO ProcessInvokerWrapper]   Persist current code page: 'False'
[2025-04-30 09:16:02Z INFO ProcessInvokerWrapper]   Keep redirected STDIN open: 'False'
[2025-04-30 09:16:02Z INFO ProcessInvokerWrapper]   High priority process: 'False'
[2025-04-30 09:16:02Z INFO ProcessInvokerWrapper] Process started with process id 7913, waiting for process exit.
[2025-04-30 09:16:02Z INFO ProcessInvokerWrapper] STDOUT/STDERR stream read finished.
[2025-04-30 09:16:02Z INFO ProcessInvokerWrapper] STDOUT/STDERR stream read finished.
[2025-04-30 09:16:02Z INFO ProcessInvokerWrapper] Finished process 7913 with exit code 0, and elapsed time 00:00:00.0297977.
[2025-04-30 09:16:02Z INFO Listener] Runner execution has finished with return code 0
